# JRE version: Java(TM) SE Runtime Environment (8.0_201-b09) (build 1.8.0_201-b09)
# Java VM: Java HotSpot(TM) 64-Bit Server VM (25.201-b09 mixed mode windows-amd64 compressed oops)
Heap:
 PSYoungGen      total 210432K, used 140984K [0x00000000d5f80000, 0x00000000e7680000, 0x0000000100000000)
  eden space 198656K, 65% used [0x00000000d5f80000,0x00000000dddb26e8,0x00000000e2180000)
  from space 11776K, 99% used [0x00000000e2180000,0x00000000e2cfbcd8,0x00000000e2d00000)
  to   space 13312K, 0% used [0x00000000e6980000,0x00000000e6980000,0x00000000e7680000)
 ParOldGen       total 78336K, used 16423K [0x0000000081e00000, 0x0000000086a80000, 0x00000000d5f80000)
  object space 78336K, 20% used [0x0000000081e00000,0x0000000082e09f10,0x0000000086a80000)
 Metaspace       used 53503K, capacity 56810K, committed 56960K, reserved 1097728K
  class space    used 7206K, capacity 8037K, committed 8064K, reserved 1048576K
GC Heap History (10 events):
Event: 3.659 GC heap before
{Heap before GC invocations=7 (full 1):
 PSYoungGen      total 71680K, used 66560K [0x00000000d5f80000, 0x00000000df280000, 0x0000000100000000)
  eden space 66560K, 100% used [0x00000000d5f80000,0x00000000da080000,0x00000000da080000)
  from space 5120K, 0% used [0x00000000da080000,0x00000000da080000,0x00000000da580000)
  to   space 8704K, 0% used [0x00000000dea00000,0x00000000dea00000,0x00000000df280000)
 ParOldGen       total 50688K, used 6834K [0x0000000081e00000, 0x0000000084f80000, 0x00000000d5f80000)
  object space 50688K, 13% used [0x0000000081e00000,0x00000000824ac940,0x0000000084f80000)
 Metaspace       used 24273K, capacity 25174K, committed 25344K, reserved 1071104K
  class space    used 3259K, capacity 3501K, committed 3584K, reserved 1048576K
Event: 3.665 GC heap after
Heap after GC invocations=7 (full 1):
 PSYoungGen      total 122368K, used 5464K [0x00000000d5f80000, 0x00000000def80000, 0x0000000100000000)
  eden space 116736K, 0% used [0x00000000d5f80000,0x00000000d5f80000,0x00000000dd180000)
  from space 5632K, 97% used [0x00000000dea00000,0x00000000def56320,0x00000000def80000)
  to   space 8704K, 0% used [0x00000000dde80000,0x00000000dde80000,0x00000000de700000)
 ParOldGen       total 50688K, used 6842K [0x0000000081e00000, 0x0000000084f80000, 0x00000000d5f80000)
  object space 50688K, 13% used [0x0000000081e00000,0x00000000824ae940,0x0000000084f80000)
 Metaspace       used 24273K, capacity 25174K, committed 25344K, reserved 1071104K
  class space    used 3259K, capacity 3501K, committed 3584K, reserved 1048576K
}
Event: 4.666 GC heap before
{Heap before GC invocations=8 (full 1):
 PSYoungGen      total 122368K, used 122200K [0x00000000d5f80000, 0x00000000def80000, 0x0000000100000000)
  eden space 116736K, 100% used [0x00000000d5f80000,0x00000000dd180000,0x00000000dd180000)
  from space 5632K, 97% used [0x00000000dea00000,0x00000000def56320,0x00000000def80000)
  to   space 8704K, 0% used [0x00000000dde80000,0x00000000dde80000,0x00000000de700000)
 ParOldGen       total 50688K, used 6842K [0x0000000081e00000, 0x0000000084f80000, 0x00000000d5f80000)
  object space 50688K, 13% used [0x0000000081e00000,0x00000000824ae940,0x0000000084f80000)
 Metaspace       used 29350K, capacity 30548K, committed 30720K, reserved 1075200K
  class space    used 3974K, capacity 4240K, committed 4352K, reserved 1048576K
Event: 4.675 GC heap after
Heap after GC invocations=8 (full 1):
 PSYoungGen      total 138752K, used 8701K [0x00000000d5f80000, 0x00000000e3780000, 0x0000000100000000)
  eden space 130048K, 0% used [0x00000000d5f80000,0x00000000d5f80000,0x00000000dde80000)
  from space 8704K, 99% used [0x00000000dde80000,0x00000000de6ff7f0,0x00000000de700000)
  to   space 10752K, 0% used [0x00000000e2d00000,0x00000000e2d00000,0x00000000e3780000)
 ParOldGen       total 50688K, used 8874K [0x0000000081e00000, 0x0000000084f80000, 0x00000000d5f80000)
  object space 50688K, 17% used [0x0000000081e00000,0x00000000826aaa48,0x0000000084f80000)
 Metaspace       used 29350K, capacity 30548K, committed 30720K, reserved 1075200K
  class space    used 3974K, capacity 4240K, committed 4352K, reserved 1048576K
}
Event: 5.234 GC heap before
{Heap before GC invocations=9 (full 1):
 PSYoungGen      total 138752K, used 65535K [0x00000000d5f80000, 0x00000000e3780000, 0x0000000100000000)
  eden space 130048K, 43% used [0x00000000d5f80000,0x00000000d97004b8,0x00000000dde80000)
  from space 8704K, 99% used [0x00000000dde80000,0x00000000de6ff7f0,0x00000000de700000)
  to   space 10752K, 0% used [0x00000000e2d00000,0x00000000e2d00000,0x00000000e3780000)
 ParOldGen       total 50688K, used 8874K [0x0000000081e00000, 0x0000000084f80000, 0x00000000d5f80000)
  object space 50688K, 17% used [0x0000000081e00000,0x00000000826aaa48,0x0000000084f80000)
 Metaspace       used 33447K, capacity 35300K, committed 35456K, reserved 1079296K
  class space    used 4547K, capacity 4886K, committed 4992K, reserved 1048576K
Event: 5.245 GC heap after
Heap after GC invocations=9 (full 1):
 PSYoungGen      total 209408K, used 10021K [0x00000000d5f80000, 0x00000000e4d00000, 0x0000000100000000)
  eden space 198656K, 0% used [0x00000000d5f80000,0x00000000d5f80000,0x00000000e2180000)
  from space 10752K, 93% used [0x00000000e2d00000,0x00000000e36c94c0,0x00000000e3780000)
  to   space 11776K, 0% used [0x00000000e2180000,0x00000000e2180000,0x00000000e2d00000)
 ParOldGen       total 50688K, used 8882K [0x0000000081e00000, 0x0000000084f80000, 0x00000000d5f80000)
  object space 50688K, 17% used [0x0000000081e00000,0x00000000826aca48,0x0000000084f80000)
 Metaspace       used 33447K, capacity 35300K, committed 35456K, reserved 1079296K
  class space    used 4547K, capacity 4886K, committed 4992K, reserved 1048576K
}
Event: 5.245 GC heap before
{Heap before GC invocations=10 (full 2):
 PSYoungGen      total 209408K, used 10021K [0x00000000d5f80000, 0x00000000e4d00000, 0x0000000100000000)
  eden space 198656K, 0% used [0x00000000d5f80000,0x00000000d5f80000,0x00000000e2180000)
  from space 10752K, 93% used [0x00000000e2d00000,0x00000000e36c94c0,0x00000000e3780000)
  to   space 11776K, 0% used [0x00000000e2180000,0x00000000e2180000,0x00000000e2d00000)
 ParOldGen       total 50688K, used 8882K [0x0000000081e00000, 0x0000000084f80000, 0x00000000d5f80000)
  object space 50688K, 17% used [0x0000000081e00000,0x00000000826aca48,0x0000000084f80000)
 Metaspace       used 33447K, capacity 35300K, committed 35456K, reserved 1079296K
  class space    used 4547K, capacity 4886K, committed 4992K, reserved 1048576K
Event: 5.318 GC heap after
Heap after GC invocations=10 (full 2):
 PSYoungGen      total 209408K, used 0K [0x00000000d5f80000, 0x00000000e4d00000, 0x0000000100000000)
  eden space 198656K, 0% used [0x00000000d5f80000,0x00000000d5f80000,0x00000000e2180000)
  from space 10752K, 0% used [0x00000000e2d00000,0x00000000e2d00000,0x00000000e3780000)
  to   space 11776K, 0% used [0x00000000e2180000,0x00000000e2180000,0x00000000e2d00000)
 ParOldGen       total 78336K, used 15049K [0x0000000081e00000, 0x0000000086a80000, 0x00000000d5f80000)
  object space 78336K, 19% used [0x0000000081e00000,0x0000000082cb2670,0x0000000086a80000)
 Metaspace       used 33447K, capacity 35300K, committed 35456K, reserved 1079296K
  class space    used 4547K, capacity 4886K, committed 4992K, reserved 1048576K
}
Event: 7.059 GC heap before
{Heap before GC invocations=11 (full 2):
 PSYoungGen      total 209408K, used 198656K [0x00000000d5f80000, 0x00000000e4d00000, 0x0000000100000000)
  eden space 198656K, 100% used [0x00000000d5f80000,0x00000000e2180000,0x00000000e2180000)
  from space 10752K, 0% used [0x00000000e2d00000,0x00000000e2d00000,0x00000000e3780000)
  to   space 11776K, 0% used [0x00000000e2180000,0x00000000e2180000,0x00000000e2d00000)
 ParOldGen       total 78336K, used 15049K [0x0000000081e00000, 0x0000000086a80000, 0x00000000d5f80000)
  object space 78336K, 19% used [0x0000000081e00000,0x0000000082cb2670,0x0000000086a80000)
 Metaspace       used 43928K, capacity 46408K, committed 46720K, reserved 1089536K
  class space    used 5911K, capacity 6408K, committed 6528K, reserved 1048576K
Event: 7.088 GC heap after
Heap after GC invocations=11 (full 2):
 PSYoungGen      total 210432K, used 11759K [0x00000000d5f80000, 0x00000000e7680000, 0x0000000100000000)
  eden space 198656K, 0% used [0x00000000d5f80000,0x00000000d5f80000,0x00000000e2180000)
  from space 11776K, 99% used [0x00000000e2180000,0x00000000e2cfbcd8,0x00000000e2d00000)
  to   space 13312K, 0% used [0x00000000e6980000,0x00000000e6980000,0x00000000e7680000)
 ParOldGen       total 78336K, used 16423K [0x0000000081e00000, 0x0000000086a80000, 0x00000000d5f80000)
  object space 78336K, 20% used [0x0000000081e00000,0x0000000082e09f10,0x0000000086a80000)
 Metaspace       used 43928K, capacity 46408K, committed 46720K, reserved 1089536K
  class space    used 5911K, capacity 6408K, committed 6528K, reserved 1048576K
}

